<?xml version="1.0" encoding="UTF-8"?>
<testsuites name="New Test Suite" time="95" tests="2" failures="0" errors="0">
   <testsuite name="New Test Suite" tests="2" failures="0" errors="0" time="95" timestamp="2018-05-31 19:03:28" hostname="DESKTOP-JVS3DPV$ - 192.168.88.93" id="Test Suites/New Test Suite">
      <properties>
         <property name="deviceName" value=""/>
         <property name="devicePlatform" value=""/>
         <property name="logFolder" value="C:\\Users\\work1\\git\\katalon2\\Tst\\Reports\\New Test Suite\\20180531_190327"/>
         <property name="logFiles" value="C:\\Users\\work1\\git\\katalon2\\Tst\\Reports\\New Test Suite\\20180531_190327\\execution0.log"/>
         <property name="attachments" value="C:\\Users\\work1\\git\\katalon2\\Tst\\Reports\\New Test Suite\\20180531_190327\\1527782685073.png"/>
         <property name="hostName" value="DESKTOP-JVS3DPV$ - 192.168.88.93"/>
         <property name="os" value="Windows 10 64bit"/>
         <property name="katalonVersion" value="5.4.2.1"/>
         <property name="browser" value="Firefox 60.0"/>
         <property name="hostAddress" value="192.168.88.93"/>
         <property name="sessionId" value="8830af57-4ab8-459b-8da6-9e344601ac0c"/>
         <property name="seleniumVersion" value="3.7.1"/>
         <property name="proxyInformation" value="ProxyInformation{proxyOption=NO_PROXY, proxyServerType=HTTP, password=, proxyServerAddress=, proxyServerPort=0}"/>
         <property name="platform" value="Windows 10"/>
      </properties>
      <testcase name="Test Cases/Checkout (Live, IR)" classname="Test Cases/Checkout (Live, IR)" status="PASSED">
         <system-out><![CDATA[2018-05-31 19:03:28 - [TEST_CASE][PASSED] - Test Cases/Checkout (Live, IR): Test Cases/Checkout (Live, IR)

2018-05-31 19:03:29 - [TEST_STEP][PASSED] - openBrowser: Browser is opened with url: ''

2018-05-31 19:03:32 - [MESSAGE][PASSED] - Browser is opened with url: ''

2018-05-31 19:03:32 - [TEST_STEP][PASSED] - deleteAllCookies: Delete all cookies successfully

2018-05-31 19:03:32 - [MESSAGE][PASSED] - Delete all cookies successfully

2018-05-31 19:03:32 - [TEST_STEP][PASSED] - navigateToUrl: Navigate to 'https://www.interrail.eu/' successfully

2018-05-31 19:03:33 - [MESSAGE][PASSED] - Navigate to 'https://www.interrail.eu/' successfully

2018-05-31 19:03:33 - [TEST_STEP][PASSED] - delay: Delayed 3 second(s)

2018-05-31 19:03:36 - [MESSAGE][PASSED] - Delayed 3 second(s)

2018-05-31 19:03:36 - [TEST_STEP][PASSED] - click: Object: 'Object Repository/IR/1st tst/i agree' is clicked on

2018-05-31 19:03:37 - [MESSAGE][PASSED] - Object: 'Object Repository/IR/1st tst/i agree' is clicked on

2018-05-31 19:03:37 - [TEST_STEP][PASSED] - maximizeWindow: Current window maximized

2018-05-31 19:03:40 - [MESSAGE][PASSED] - Current window maximized

2018-05-31 19:03:40 - [TEST_STEP][PASSED] - click: Object: 'Object Repository/IR/1st tst/Cont' is clicked on

2018-05-31 19:03:42 - [MESSAGE][PASSED] - Object: 'Object Repository/IR/1st tst/Cont' is clicked on

2018-05-31 19:03:42 - [TEST_STEP][PASSED] - focus: Object: 'Object Repository/IR/1st tst/passes btn in menu' is focused

2018-05-31 19:03:42 - [MESSAGE][PASSED] - Object: 'Object Repository/IR/1st tst/passes btn in menu' is focused

2018-05-31 19:03:42 - [TEST_STEP][PASSED] - waitForElementVisible: Object 'Object Repository/IR/1st tst/Glbl pass btn in submenu' is visible

2018-05-31 19:03:42 - [MESSAGE][WARNING] - Timeout '0' is invalid. Using default page load timeout: '15'

2018-05-31 19:03:43 - [MESSAGE][PASSED] - Object 'Object Repository/IR/1st tst/Glbl pass btn in submenu' is visible

2018-05-31 19:03:43 - [TEST_STEP][PASSED] - click: Object: 'Object Repository/IR/1st tst/Glbl pass btn in submenu' is clicked on

2018-05-31 19:03:45 - [MESSAGE][PASSED] - Object: 'Object Repository/IR/1st tst/Glbl pass btn in submenu' is clicked on

2018-05-31 19:03:45 - [TEST_STEP][PASSED] - click: Object: 'Object Repository/IR/1st tst/add to cart' is clicked on

2018-05-31 19:03:45 - [MESSAGE][PASSED] - Object: 'Object Repository/IR/1st tst/add to cart' is clicked on

2018-05-31 19:03:45 - [TEST_STEP][PASSED] - waitForElementVisible: Object 'Object Repository/IR/1st tst/go to checkout' is visible

2018-05-31 19:03:45 - [MESSAGE][WARNING] - Timeout '0' is invalid. Using default page load timeout: '15'

2018-05-31 19:03:47 - [MESSAGE][PASSED] - Object 'Object Repository/IR/1st tst/go to checkout' is visible

2018-05-31 19:03:47 - [TEST_STEP][PASSED] - focus: Object: 'Object Repository/IR/1st tst/go to checkout' is focused

2018-05-31 19:03:47 - [MESSAGE][PASSED] - Object: 'Object Repository/IR/1st tst/go to checkout' is focused

2018-05-31 19:03:47 - [TEST_STEP][PASSED] - click: Object: 'Object Repository/IR/1st tst/go to checkout' is clicked on

2018-05-31 19:03:50 - [MESSAGE][PASSED] - Object: 'Object Repository/IR/1st tst/go to checkout' is clicked on

2018-05-31 19:03:50 - [TEST_STEP][PASSED] - waitForPageLoad: Wait for page load successfully

2018-05-31 19:03:50 - [MESSAGE][WARNING] - Timeout '0' is invalid. Using default page load timeout: '15'

2018-05-31 19:03:50 - [MESSAGE][PASSED] - Wait for page load successfully

2018-05-31 19:03:50 - [TEST_STEP][PASSED] - click: Object: 'Object Repository/IR/1st tst/pass prot' is clicked on

2018-05-31 19:03:50 - [MESSAGE][PASSED] - Object: 'Object Repository/IR/1st tst/pass prot' is clicked on

2018-05-31 19:03:50 - [TEST_STEP][PASSED] - scrollToElement: Scroll to object 'Object Repository/IR/1st tst/sipping count drop down' successfully

2018-05-31 19:03:50 - [MESSAGE][WARNING] - Timeout '0' is invalid. Using default page load timeout: '15'

2018-05-31 19:03:51 - [MESSAGE][PASSED] - Scroll to object 'Object Repository/IR/1st tst/sipping count drop down' successfully

2018-05-31 19:03:51 - [TEST_STEP][PASSED] - delay: Delayed 1 second(s)

2018-05-31 19:03:52 - [MESSAGE][PASSED] - Delayed 1 second(s)

2018-05-31 19:03:52 - [TEST_STEP][PASSED] - click: Object: 'Object Repository/IR/1st tst/Croatha' is clicked on

2018-05-31 19:03:52 - [MESSAGE][PASSED] - Object: 'Object Repository/IR/1st tst/Croatha' is clicked on

2018-05-31 19:03:52 - [TEST_STEP][PASSED] - delay: Delayed 3 second(s)

2018-05-31 19:03:55 - [MESSAGE][PASSED] - Delayed 3 second(s)

2018-05-31 19:03:55 - [TEST_STEP][PASSED] - click: Object: 'Object Repository/IR/1st tst/Proceed' is clicked on

2018-05-31 19:03:58 - [MESSAGE][PASSED] - Object: 'Object Repository/IR/1st tst/Proceed' is clicked on

2018-05-31 19:03:58 - [TEST_STEP][PASSED] - refresh: Refresh successfully

2018-05-31 19:04:01 - [MESSAGE][PASSED] - Refresh successfully

2018-05-31 19:04:01 - [TEST_STEP][PASSED] - delay: Delayed 2 second(s)

2018-05-31 19:04:03 - [MESSAGE][PASSED] - Delayed 2 second(s)

2018-05-31 19:04:03 - [TEST_STEP][PASSED] - refresh: Refresh successfully

2018-05-31 19:04:06 - [MESSAGE][PASSED] - Refresh successfully

2018-05-31 19:04:06 - [TEST_STEP][PASSED] - waitForElementVisible: Object 'Object Repository/IR/1st tst/Guest proceed' is visible

2018-05-31 19:04:06 - [MESSAGE][WARNING] - Timeout '0' is invalid. Using default page load timeout: '15'

2018-05-31 19:04:06 - [MESSAGE][PASSED] - Object 'Object Repository/IR/1st tst/Guest proceed' is visible

2018-05-31 19:04:06 - [TEST_STEP][PASSED] - click: Object: 'Object Repository/IR/1st tst/Guest proceed' is clicked on

2018-05-31 19:04:08 - [MESSAGE][PASSED] - Object: 'Object Repository/IR/1st tst/Guest proceed' is clicked on

2018-05-31 19:04:08 - [TEST_STEP][PASSED] - waitForPageLoad: Wait for page load successfully

2018-05-31 19:04:08 - [MESSAGE][WARNING] - Timeout '0' is invalid. Using default page load timeout: '15'

2018-05-31 19:04:08 - [MESSAGE][PASSED] - Wait for page load successfully

2018-05-31 19:04:08 - [TEST_STEP][PASSED] - delay: Delayed 1 second(s)

2018-05-31 19:04:09 - [MESSAGE][PASSED] - Delayed 1 second(s)

2018-05-31 19:04:09 - [TEST_STEP][PASSED] - click: Object: 'Object Repository/IR/1st tst/date_add' is clicked on

2018-05-31 19:04:10 - [MESSAGE][PASSED] - Object: 'Object Repository/IR/1st tst/date_add' is clicked on

2018-05-31 19:04:10 - [TEST_STEP][PASSED] - click: Object: 'Object Repository/IR/1st tst/date' is clicked on

2018-05-31 19:04:11 - [MESSAGE][PASSED] - Object: 'Object Repository/IR/1st tst/date' is clicked on

2018-05-31 19:04:11 - [TEST_STEP][PASSED] - setText: Text 'qqq' is set on object 'Object Repository/IR/Page_Checkout/input_customer_profile_travele'

2018-05-31 19:04:11 - [MESSAGE][PASSED] - Text 'qqq' is set on object 'Object Repository/IR/Page_Checkout/input_customer_profile_travele'

2018-05-31 19:04:11 - [TEST_STEP][PASSED] - setText: Text 'www' is set on object 'Object Repository/IR/Page_Checkout/input_customer_profile_travele_1'

2018-05-31 19:04:11 - [MESSAGE][PASSED] - Text 'www' is set on object 'Object Repository/IR/Page_Checkout/input_customer_profile_travele_1'

2018-05-31 19:04:11 - [TEST_STEP][PASSED] - click: Object: 'Object Repository/IR/1st tst/mr' is clicked on

2018-05-31 19:04:11 - [MESSAGE][PASSED] - Object: 'Object Repository/IR/1st tst/mr' is clicked on

2018-05-31 19:04:11 - [TEST_STEP][PASSED] - selectOptionByValue: All options with value '6' are selected in object 'Object Repository/IR/Page_Checkout/select_Day12345678910111213141'  using regular expression

2018-05-31 19:04:12 - [MESSAGE][PASSED] - All options with value '6' are selected in object 'Object Repository/IR/Page_Checkout/select_Day12345678910111213141'  using regular expression

2018-05-31 19:04:12 - [TEST_STEP][PASSED] - selectOptionByValue: All options with value '5' are selected in object 'Object Repository/IR/Page_Checkout/select_MonthJanFebMarAprMayJun'  using regular expression

2018-05-31 19:04:12 - [MESSAGE][PASSED] - All options with value '5' are selected in object 'Object Repository/IR/Page_Checkout/select_MonthJanFebMarAprMayJun'  using regular expression

2018-05-31 19:04:12 - [TEST_STEP][PASSED] - selectOptionByValue: All options with value '2010' are selected in object 'Object Repository/IR/Page_Checkout/select_Year2018201720162015201'  using regular expression

2018-05-31 19:04:14 - [MESSAGE][PASSED] - All options with value '2010' are selected in object 'Object Repository/IR/Page_Checkout/select_Year2018201720162015201'  using regular expression

2018-05-31 19:04:14 - [TEST_STEP][PASSED] - setText: Text 'MF334422' is set on object 'Object Repository/IR/Page_Checkout/input_customer_profile_travele_2'

2018-05-31 19:04:14 - [MESSAGE][PASSED] - Text 'MF334422' is set on object 'Object Repository/IR/Page_Checkout/input_customer_profile_travele_2'

2018-05-31 19:04:14 - [TEST_STEP][PASSED] - click: Object: 'Object Repository/IR/Page_Checkout/input_customer_profile_travele' is clicked on

2018-05-31 19:04:14 - [MESSAGE][PASSED] - Object: 'Object Repository/IR/Page_Checkout/input_customer_profile_travele' is clicked on

2018-05-31 19:04:14 - [TEST_STEP][PASSED] - click: Object: 'Object Repository/IR/Page_Checkout/a_Continue to shipping details' is clicked on

2018-05-31 19:04:17 - [MESSAGE][PASSED] - Object: 'Object Repository/IR/Page_Checkout/a_Continue to shipping details' is clicked on

2018-05-31 19:04:17 - [TEST_STEP][PASSED] - setText: Text '345646' is set on object 'Object Repository/IR/Page_Shipping/input_customer_profile_shippin'

2018-05-31 19:04:17 - [MESSAGE][PASSED] - Text '345646' is set on object 'Object Repository/IR/Page_Shipping/input_customer_profile_shippin'

2018-05-31 19:04:17 - [TEST_STEP][PASSED] - setText: Text 'tryrty' is set on object 'Object Repository/IR/Page_Shipping/input_customer_profile_shippin_1'

2018-05-31 19:04:17 - [MESSAGE][PASSED] - Text 'tryrty' is set on object 'Object Repository/IR/Page_Shipping/input_customer_profile_shippin_1'

2018-05-31 19:04:17 - [TEST_STEP][PASSED] - setText: Text 'tyrty rtytry' is set on object 'Object Repository/IR/Page_Shipping/input_customer_profile_shippin_2'

2018-05-31 19:04:18 - [MESSAGE][PASSED] - Text 'tyrty rtytry' is set on object 'Object Repository/IR/Page_Shipping/input_customer_profile_shippin_2'

2018-05-31 19:04:18 - [TEST_STEP][PASSED] - setText: Text 'tytry rtyrty' is set on object 'Object Repository/IR/Page_Shipping/input_customer_profile_shippin_3'

2018-05-31 19:04:18 - [MESSAGE][PASSED] - Text 'tytry rtyrty' is set on object 'Object Repository/IR/Page_Shipping/input_customer_profile_shippin_3'

2018-05-31 19:04:18 - [TEST_STEP][PASSED] - setText: Text '45654654' is set on object 'Object Repository/IR/Page_Shipping/input_customer_profile_contact'

2018-05-31 19:04:18 - [MESSAGE][PASSED] - Text '45654654' is set on object 'Object Repository/IR/Page_Shipping/input_customer_profile_contact'

2018-05-31 19:04:18 - [TEST_STEP][PASSED] - setText: Text 'nhfvgfvgfv01@gmail.com' is set on object 'Object Repository/IR/Page_Shipping/input_customer_profile_contact_1'

2018-05-31 19:04:18 - [MESSAGE][PASSED] - Text 'nhfvgfvgfv01@gmail.com' is set on object 'Object Repository/IR/Page_Shipping/input_customer_profile_contact_1'

2018-05-31 19:04:18 - [TEST_STEP][PASSED] - setText: Text 'nhfvgfvgfv01@gmail.com' is set on object 'Object Repository/IR/Page_Shipping/input_customer_profile_contact_2'

2018-05-31 19:04:18 - [MESSAGE][PASSED] - Text 'nhfvgfvgfv01@gmail.com' is set on object 'Object Repository/IR/Page_Shipping/input_customer_profile_contact_2'

2018-05-31 19:04:18 - [TEST_STEP][PASSED] - click: Object: 'Object Repository/IR/Page_Shipping/a_Continue to review your orde' is clicked on

2018-05-31 19:04:21 - [MESSAGE][PASSED] - Object: 'Object Repository/IR/Page_Shipping/a_Continue to review your orde' is clicked on

2018-05-31 19:04:21 - [TEST_STEP][PASSED] - click: Object: 'Object Repository/IR/Page_Review order/input_checkout_reviewaccept' is clicked on

2018-05-31 19:04:21 - [MESSAGE][PASSED] - Object: 'Object Repository/IR/Page_Review order/input_checkout_reviewaccept' is clicked on

2018-05-31 19:04:21 - [TEST_STEP][PASSED] - click: Object: 'Object Repository/IR/Page_Review order/a_Proceed to payment details' is clicked on

2018-05-31 19:04:22 - [MESSAGE][PASSED] - Object: 'Object Repository/IR/Page_Review order/a_Proceed to payment details' is clicked on

2018-05-31 19:04:22 - [TEST_STEP][PASSED] - mouseOver: Object: 'Object Repository/IR/Page_Payment details/input_brandName' is hovered

2018-05-31 19:04:25 - [MESSAGE][PASSED] - Object: 'Object Repository/IR/Page_Payment details/input_brandName' is hovered

2018-05-31 19:04:25 - [TEST_STEP][PASSED] - delay: Delayed 2 second(s)

2018-05-31 19:04:27 - [MESSAGE][PASSED] - Delayed 2 second(s)

2018-05-31 19:04:27 - [TEST_STEP][PASSED] - click: Object: 'Object Repository/IR/Page_Payment details/input_brandName' is clicked on

2018-05-31 19:04:27 - [MESSAGE][PASSED] - Object: 'Object Repository/IR/Page_Payment details/input_brandName' is clicked on

2018-05-31 19:04:27 - [TEST_STEP][PASSED] - delay: Delayed 1 second(s)

2018-05-31 19:04:28 - [MESSAGE][PASSED] - Delayed 1 second(s)

2018-05-31 19:04:28 - [TEST_STEP][PASSED] - setText: Text '4111 1111 1111 1111' is set on object 'Object Repository/IR/Page_Payment details/input_card.cardNumber'

2018-05-31 19:04:29 - [MESSAGE][PASSED] - Text '4111 1111 1111 1111' is set on object 'Object Repository/IR/Page_Payment details/input_card.cardNumber'

2018-05-31 19:04:29 - [TEST_STEP][PASSED] - setText: Text 'ddd sss' is set on object 'Object Repository/IR/Page_Payment details/input_card.cardHolderName'

2018-05-31 19:04:29 - [MESSAGE][PASSED] - Text 'ddd sss' is set on object 'Object Repository/IR/Page_Payment details/input_card.cardHolderName'

2018-05-31 19:04:29 - [TEST_STEP][PASSED] - selectOptionByValue: All options with value '08' are selected in object 'Object Repository/IR/Page_Payment details/select_01020304050607080910111'  using regular expression

2018-05-31 19:04:29 - [MESSAGE][PASSED] - All options with value '08' are selected in object 'Object Repository/IR/Page_Payment details/select_01020304050607080910111'  using regular expression

2018-05-31 19:04:29 - [TEST_STEP][PASSED] - selectOptionByValue: All options with value '2018' are selected in object 'Object Repository/IR/Page_Payment details/select_        2018        201'  using regular expression

2018-05-31 19:04:30 - [MESSAGE][PASSED] - All options with value '2018' are selected in object 'Object Repository/IR/Page_Payment details/select_        2018        201'  using regular expression

2018-05-31 19:04:30 - [TEST_STEP][PASSED] - setText: Text '737' is set on object 'Object Repository/IR/Page_Payment details/input_card.cvcCode'

2018-05-31 19:04:30 - [MESSAGE][PASSED] - Text '737' is set on object 'Object Repository/IR/Page_Payment details/input_card.cvcCode'

2018-05-31 19:04:30 - [TEST_STEP][PASSED] - click: Object: 'Object Repository/IR/Page_Payment details/input_pay' is clicked on

2018-05-31 19:04:33 - [MESSAGE][PASSED] - Object: 'Object Repository/IR/Page_Payment details/input_pay' is clicked on

2018-05-31 19:04:33 - [TEST_STEP][PASSED] - closeBrowser: Browser is closed

2018-05-31 19:04:33 - [MESSAGE][PASSED] - Browser is closed]]></system-out>
         <system-err><![CDATA[]]></system-err>
      </testcase>
      <testcase name="Test Cases/Basket (Live, IR)" classname="Test Cases/Basket (Live, IR)" status="PASSED">
         <system-out><![CDATA[2018-05-31 19:04:33 - [TEST_CASE][PASSED] - Test Cases/Basket (Live, IR): Test Cases/Basket (Live, IR)

2018-05-31 19:04:33 - [TEST_STEP][PASSED] - openBrowser: Browser is opened with url: ''

2018-05-31 19:04:35 - [MESSAGE][PASSED] - Browser is opened with url: ''

2018-05-31 19:04:35 - [TEST_STEP][PASSED] - deleteAllCookies: Delete all cookies successfully

2018-05-31 19:04:35 - [MESSAGE][PASSED] - Delete all cookies successfully

2018-05-31 19:04:35 - [TEST_STEP][PASSED] - navigateToUrl: Navigate to 'https://www.interrail.eu/' successfully

2018-05-31 19:04:36 - [MESSAGE][PASSED] - Navigate to 'https://www.interrail.eu/' successfully

2018-05-31 19:04:36 - [TEST_STEP][PASSED] - maximizeWindow: Current window maximized

2018-05-31 19:04:40 - [MESSAGE][PASSED] - Current window maximized

2018-05-31 19:04:40 - [TEST_STEP][PASSED] - click: Object: 'Object Repository/IR/1st tst/i agree' is clicked on

2018-05-31 19:04:40 - [MESSAGE][PASSED] - Object: 'Object Repository/IR/1st tst/i agree' is clicked on

2018-05-31 19:04:40 - [TEST_STEP][PASSED] - click: Object: 'Object Repository/IR/1st tst/Cont' is clicked on

2018-05-31 19:04:43 - [MESSAGE][PASSED] - Object: 'Object Repository/IR/1st tst/Cont' is clicked on

2018-05-31 19:04:43 - [TEST_STEP][PASSED] - verifyElementText: Actual text and expected text of test object 'Object Repository/Counter/Passes counter' are matched.

2018-05-31 19:04:43 - [MESSAGE][PASSED] - Actual text and expected text of test object 'Object Repository/Counter/Passes counter' are matched.

2018-05-31 19:04:43 - [TEST_STEP][PASSED] - click: Object: 'Object Repository/Page_Be free to explore Europe by r/a_Go for sunshine' is clicked on

2018-05-31 19:04:44 - [MESSAGE][PASSED] - Object: 'Object Repository/Page_Be free to explore Europe by r/a_Go for sunshine' is clicked on

2018-05-31 19:04:44 - [TEST_STEP][PASSED] - click: Object: 'Object Repository/Page_Summer in Europe  Interrail.eu/a_5. Capri Italy' is clicked on

2018-05-31 19:04:45 - [MESSAGE][PASSED] - Object: 'Object Repository/Page_Summer in Europe  Interrail.eu/a_5. Capri Italy' is clicked on

2018-05-31 19:04:45 - [TEST_STEP][PASSED] - waitForPageLoad: Wait for page load successfully

2018-05-31 19:04:45 - [MESSAGE][WARNING] - Timeout '0' is invalid. Using default page load timeout: '15'

2018-05-31 19:04:45 - [MESSAGE][PASSED] - Wait for page load successfully

2018-05-31 19:04:45 - [TEST_STEP][PASSED] - click: Unable to click on object 'Object Repository/Fucking popup/POpup' (Root cause: org.openqa.selenium.ElementNotInteractableException: Element <span class="form-popup-close__icon"> could not be scrolled into view
Build info: version: '3.7.1', revision: '8a0099a', time: '2017-11-06T21:07:36.161Z'
System info: host: 'DESKTOP-JVS3DPV', ip: '192.168.88.93', os.name: 'Windows 10', os.arch: 'amd64', os.version: '10.0', java.version: '1.8.0_102'
Driver info: com.kms.katalon.core.webui.driver.firefox.CGeckoDriver
Capabilities {acceptInsecureCerts: true, browserName: firefox, browserVersion: 60.0.1, javascriptEnabled: true, moz:accessibilityChecks: false, moz:headless: false, moz:processID: 4572, moz:profile: C:\Windows\Temp\rust_mozpro..., moz:useNonSpecCompliantPointerOrigin: false, moz:webdriverClick: true, pageLoadStrategy: normal, platform: XP, platformName: XP, platformVersion: 10.0, proxy: Proxy(direct), rotatable: false, timeouts: {implicit: 0, pageLoad: 300000, script: 30000}}
Session ID: 8830af57-4ab8-459b-8da6-9e344601ac0c)

2018-05-31 19:04:45 - [MESSAGE][WARNING] - Unable to click on object 'Object Repository/Fucking popup/POpup' (Root cause: org.openqa.selenium.ElementNotInteractableException: Element <span class="form-popup-close__icon"> could not be scrolled into view
Build info: version: '3.7.1', revision: '8a0099a', time: '2017-11-06T21:07:36.161Z'
System info: host: 'DESKTOP-JVS3DPV', ip: '192.168.88.93', os.name: 'Windows 10', os.arch: 'amd64', os.version: '10.0', java.version: '1.8.0_102'
Driver info: com.kms.katalon.core.webui.driver.firefox.CGeckoDriver
Capabilities {acceptInsecureCerts: true, browserName: firefox, browserVersion: 60.0.1, javascriptEnabled: true, moz:accessibilityChecks: false, moz:headless: false, moz:processID: 4572, moz:profile: C:\Windows\Temp\rust_mozpro..., moz:useNonSpecCompliantPointerOrigin: false, moz:webdriverClick: true, pageLoadStrategy: normal, platform: XP, platformName: XP, platformVersion: 10.0, proxy: Proxy(direct), rotatable: false, timeouts: {implicit: 0, pageLoad: 300000, script: 30000}}
Session ID: 8830af57-4ab8-459b-8da6-9e344601ac0c)
[[ATTACHMENT|C:\\Users\\work1\\git\\katalon2\\Tst\\Reports\\New Test Suite\\20180531_190327\\1527782685073.png]]

2018-05-31 19:04:45 - [TEST_STEP][PASSED] - click: Object: 'Object Repository/Page_Summer in Europe  Interrail.eu/a_SEE ITALY PASS PRICES' is clicked on

2018-05-31 19:04:45 - [MESSAGE][PASSED] - Object: 'Object Repository/Page_Summer in Europe  Interrail.eu/a_SEE ITALY PASS PRICES' is clicked on

2018-05-31 19:04:45 - [TEST_STEP][PASSED] - switchToWindowTitle: Switched to window with title: 'Interrail Italy Pass | Italy by Train | Interrail.eu'

2018-05-31 19:04:45 - [MESSAGE][PASSED] - Switched to window with title: 'Interrail Italy Pass | Italy by Train | Interrail.eu'

2018-05-31 19:04:45 - [TEST_STEP][PASSED] - click: Object: 'Object Repository/Page_Interrail Italy Pass  Italy by/label_1st ClassWider seats les' is clicked on

2018-05-31 19:04:46 - [MESSAGE][PASSED] - Object: 'Object Repository/Page_Interrail Italy Pass  Italy by/label_1st ClassWider seats les' is clicked on

2018-05-31 19:04:46 - [TEST_STEP][PASSED] - click: Object: 'Object Repository/Page_Interrail Italy Pass  Italy by/a_Add to cart' is clicked on

2018-05-31 19:04:47 - [MESSAGE][PASSED] - Object: 'Object Repository/Page_Interrail Italy Pass  Italy by/a_Add to cart' is clicked on

2018-05-31 19:04:47 - [TEST_STEP][PASSED] - waitForElementVisible: Object 'Object Repository/Page_Interrail Italy Pass  Italy by/a_Continue shopping' is not visible after 15 second(s)

2018-05-31 19:04:47 - [MESSAGE][WARNING] - Timeout '0' is invalid. Using default page load timeout: '15'

2018-05-31 19:05:03 - [MESSAGE][WARNING] - Object 'Object Repository/Page_Interrail Italy Pass  Italy by/a_Continue shopping' is not visible after 15 second(s)

2018-05-31 19:05:03 - [TEST_STEP][PASSED] - click: Object: 'Object Repository/Page_Interrail Italy Pass  Italy by/a_Continue shopping' is clicked on

2018-05-31 19:05:03 - [MESSAGE][PASSED] - Object: 'Object Repository/Page_Interrail Italy Pass  Italy by/a_Continue shopping' is clicked on

2018-05-31 19:05:03 - [TEST_STEP][PASSED] - verifyElementText: Actual text and expected text of test object 'Object Repository/Counter/Passes counter' are matched.

2018-05-31 19:05:03 - [MESSAGE][PASSED] - Actual text and expected text of test object 'Object Repository/Counter/Passes counter' are matched.

2018-05-31 19:05:03 - [TEST_STEP][PASSED] - closeBrowser: Browser is closed

2018-05-31 19:05:03 - [MESSAGE][PASSED] - Browser is closed]]></system-out>
         <system-err><![CDATA[]]></system-err>
      </testcase>
      <system-out><![CDATA[2018-05-31 19:03:28 - [TEST_SUITE][PASSED] - New Test Suite: Test Cases/Basket (Live, IR)]]></system-out>
      <system-err><![CDATA[]]></system-err>
   </testsuite>
</testsuites>
