<?xml version="1.0" encoding="UTF-8"?>
<testsuites name="New Test Suite" time="96" tests="0" failures="1" errors="0">
   <testsuite name="New Test Suite" tests="0" failures="1" errors="0" time="96" timestamp="2018-05-30 13:20:25" hostname="DESKTOP-JVS3DPV$ - 192.168.88.93" id="Test Suites/New Test Suite">
      <properties>
         <property name="deviceName" value=""/>
         <property name="devicePlatform" value=""/>
         <property name="logFolder" value="C:\\Users\\work1\\Katalon Studio\\Tst\\Reports\\New Test Suite\\20180530_132021"/>
         <property name="logFiles" value="C:\\Users\\work1\\Katalon Studio\\Tst\\Reports\\New Test Suite\\20180530_132021\\execution0.log"/>
         <property name="attachments" value="C:\\Users\\work1\\Katalon Studio\\Tst\\Reports\\New Test Suite\\20180530_132021\\1527675715786.png"/>
         <property name="hostName" value="DESKTOP-JVS3DPV$ - 192.168.88.93"/>
         <property name="os" value="Windows 10 64bit"/>
         <property name="katalonVersion" value="5.4.1.1"/>
         <property name="browser" value="Chrome 66.0.3359.181"/>
         <property name="hostAddress" value="192.168.88.93"/>
         <property name="sessionId" value="bd49780701944c75edb3e000478be149"/>
         <property name="seleniumVersion" value="3.7.1"/>
         <property name="proxyInformation" value="ProxyInformation{proxyOption=NO_PROXY, proxyServerType=HTTP, password=, proxyServerAddress=, proxyServerPort=0}"/>
         <property name="platform" value="Windows 10"/>
      </properties>
      <testcase name="Test Cases/Checkout (Live, IR)" classname="Test Cases/Checkout (Live, IR)" status="FAILED">
         <failure type="FAILED" message="Unable to move mouse over object 'Object Repository/IR/Page_Payment details/input_brandName' (Root cause: com.kms.katalon.core.webui.exception.WebElementNotFoundException: Web element with id: 'Object Repository/IR/Page_Payment details/input_brandName' located by 'By.xpath: //input[@name = 'brandName' and @type = 'submit']' not found)"/>
         <system-out><![CDATA[2018-05-30 13:20:26 - [TEST_CASE][FAILED] - Test Cases/Checkout (Live, IR): Test Cases/Checkout (Live, IR) FAILED because (of) Unable to move mouse over object 'Object Repository/IR/Page_Payment details/input_brandName' (Root cause: com.kms.katalon.core.webui.exception.WebElementNotFoundException: Web element with id: 'Object Repository/IR/Page_Payment details/input_brandName' located by 'By.xpath: //input[@name = 'brandName' and @type = 'submit']' not found)

2018-05-30 13:20:26 - [TEST_STEP][PASSED] - openBrowser: Browser is opened with url: ''

2018-05-30 13:20:31 - [MESSAGE][PASSED] - Browser is opened with url: ''

2018-05-30 13:20:31 - [TEST_STEP][PASSED] - deleteAllCookies: Delete all cookies successfully

2018-05-30 13:20:31 - [MESSAGE][PASSED] - Delete all cookies successfully

2018-05-30 13:20:31 - [TEST_STEP][PASSED] - navigateToUrl: Navigate to 'https://www.interrail.eu/' successfully

2018-05-30 13:20:33 - [MESSAGE][PASSED] - Navigate to 'https://www.interrail.eu/' successfully

2018-05-30 13:20:33 - [TEST_STEP][PASSED] - maximizeWindow: Current window maximized

2018-05-30 13:20:35 - [MESSAGE][PASSED] - Current window maximized

2018-05-30 13:20:35 - [TEST_STEP][PASSED] - click: Object: 'Object Repository/IR/1st tst/i agree' is clicked on

2018-05-30 13:20:35 - [MESSAGE][PASSED] - Object: 'Object Repository/IR/1st tst/i agree' is clicked on

2018-05-30 13:20:35 - [TEST_STEP][PASSED] - click: Object: 'Object Repository/IR/1st tst/Cont' is clicked on

2018-05-30 13:20:38 - [MESSAGE][PASSED] - Object: 'Object Repository/IR/1st tst/Cont' is clicked on

2018-05-30 13:20:38 - [TEST_STEP][PASSED] - focus: Object: 'Object Repository/IR/1st tst/passes btn in menu' is focused

2018-05-30 13:20:38 - [MESSAGE][PASSED] - Object: 'Object Repository/IR/1st tst/passes btn in menu' is focused

2018-05-30 13:20:38 - [TEST_STEP][PASSED] - waitForElementVisible: Object 'Object Repository/IR/1st tst/Glbl pass btn in submenu' is visible

2018-05-30 13:20:38 - [MESSAGE][WARNING] - Timeout '0' is invalid. Using default page load timeout: '15'

2018-05-30 13:20:39 - [MESSAGE][PASSED] - Object 'Object Repository/IR/1st tst/Glbl pass btn in submenu' is visible

2018-05-30 13:20:39 - [TEST_STEP][PASSED] - click: Object: 'Object Repository/IR/1st tst/Glbl pass btn in submenu' is clicked on

2018-05-30 13:20:45 - [MESSAGE][PASSED] - Object: 'Object Repository/IR/1st tst/Glbl pass btn in submenu' is clicked on

2018-05-30 13:20:45 - [TEST_STEP][PASSED] - click: Object: 'Object Repository/IR/1st tst/add to cart' is clicked on

2018-05-30 13:20:45 - [MESSAGE][PASSED] - Object: 'Object Repository/IR/1st tst/add to cart' is clicked on

2018-05-30 13:20:45 - [TEST_STEP][PASSED] - waitForElementVisible: Object 'Object Repository/IR/1st tst/go to checkout' is visible

2018-05-30 13:20:45 - [MESSAGE][WARNING] - Timeout '0' is invalid. Using default page load timeout: '15'

2018-05-30 13:20:48 - [MESSAGE][PASSED] - Object 'Object Repository/IR/1st tst/go to checkout' is visible

2018-05-30 13:20:48 - [TEST_STEP][PASSED] - focus: Object: 'Object Repository/IR/1st tst/go to checkout' is focused

2018-05-30 13:20:48 - [MESSAGE][PASSED] - Object: 'Object Repository/IR/1st tst/go to checkout' is focused

2018-05-30 13:20:48 - [TEST_STEP][PASSED] - click: Object: 'Object Repository/IR/1st tst/go to checkout' is clicked on

2018-05-30 13:20:51 - [MESSAGE][PASSED] - Object: 'Object Repository/IR/1st tst/go to checkout' is clicked on

2018-05-30 13:20:51 - [TEST_STEP][PASSED] - waitForPageLoad: Wait for page load successfully

2018-05-30 13:20:51 - [MESSAGE][WARNING] - Timeout '0' is invalid. Using default page load timeout: '15'

2018-05-30 13:20:51 - [MESSAGE][PASSED] - Wait for page load successfully

2018-05-30 13:20:51 - [TEST_STEP][PASSED] - click: Object: 'Object Repository/IR/1st tst/pass prot' is clicked on

2018-05-30 13:20:52 - [MESSAGE][PASSED] - Object: 'Object Repository/IR/1st tst/pass prot' is clicked on

2018-05-30 13:20:52 - [TEST_STEP][PASSED] - scrollToElement: Scroll to object 'Object Repository/IR/1st tst/sipping count drop down' successfully

2018-05-30 13:20:52 - [MESSAGE][WARNING] - Timeout '0' is invalid. Using default page load timeout: '15'

2018-05-30 13:20:53 - [MESSAGE][PASSED] - Scroll to object 'Object Repository/IR/1st tst/sipping count drop down' successfully

2018-05-30 13:20:53 - [TEST_STEP][PASSED] - delay: Delayed 1 second(s)

2018-05-30 13:20:54 - [MESSAGE][PASSED] - Delayed 1 second(s)

2018-05-30 13:20:54 - [TEST_STEP][PASSED] - click: Object: 'Object Repository/IR/1st tst/Croatha' is clicked on

2018-05-30 13:20:54 - [MESSAGE][PASSED] - Object: 'Object Repository/IR/1st tst/Croatha' is clicked on

2018-05-30 13:20:54 - [TEST_STEP][PASSED] - delay: Delayed 3 second(s)

2018-05-30 13:20:57 - [MESSAGE][PASSED] - Delayed 3 second(s)

2018-05-30 13:20:57 - [TEST_STEP][PASSED] - click: Object: 'Object Repository/IR/1st tst/Proceed' is clicked on

2018-05-30 13:21:02 - [MESSAGE][PASSED] - Object: 'Object Repository/IR/1st tst/Proceed' is clicked on

2018-05-30 13:21:02 - [TEST_STEP][PASSED] - refresh: Refresh successfully

2018-05-30 13:21:06 - [MESSAGE][PASSED] - Refresh successfully

2018-05-30 13:21:06 - [TEST_STEP][PASSED] - delay: Delayed 2 second(s)

2018-05-30 13:21:08 - [MESSAGE][PASSED] - Delayed 2 second(s)

2018-05-30 13:21:08 - [TEST_STEP][PASSED] - refresh: Refresh successfully

2018-05-30 13:21:10 - [MESSAGE][PASSED] - Refresh successfully

2018-05-30 13:21:10 - [TEST_STEP][PASSED] - waitForElementVisible: Object 'Object Repository/IR/1st tst/Guest proceed' is visible

2018-05-30 13:21:10 - [MESSAGE][WARNING] - Timeout '0' is invalid. Using default page load timeout: '15'

2018-05-30 13:21:13 - [MESSAGE][PASSED] - Object 'Object Repository/IR/1st tst/Guest proceed' is visible

2018-05-30 13:21:13 - [TEST_STEP][PASSED] - click: Object: 'Object Repository/IR/1st tst/Guest proceed' is clicked on

2018-05-30 13:21:17 - [MESSAGE][PASSED] - Object: 'Object Repository/IR/1st tst/Guest proceed' is clicked on

2018-05-30 13:21:17 - [TEST_STEP][PASSED] - waitForPageLoad: Wait for page load successfully

2018-05-30 13:21:17 - [MESSAGE][WARNING] - Timeout '0' is invalid. Using default page load timeout: '15'

2018-05-30 13:21:17 - [MESSAGE][PASSED] - Wait for page load successfully

2018-05-30 13:21:17 - [TEST_STEP][PASSED] - delay: Delayed 1 second(s)

2018-05-30 13:21:18 - [MESSAGE][PASSED] - Delayed 1 second(s)

2018-05-30 13:21:18 - [TEST_STEP][PASSED] - click: Object: 'Object Repository/IR/1st tst/date_add' is clicked on

2018-05-30 13:21:19 - [MESSAGE][PASSED] - Object: 'Object Repository/IR/1st tst/date_add' is clicked on

2018-05-30 13:21:19 - [TEST_STEP][PASSED] - click: Object: 'Object Repository/IR/1st tst/date' is clicked on

2018-05-30 13:21:19 - [MESSAGE][PASSED] - Object: 'Object Repository/IR/1st tst/date' is clicked on

2018-05-30 13:21:19 - [TEST_STEP][PASSED] - setText: Text 'qqq' is set on object 'Object Repository/IR/Page_Checkout/input_customer_profile_travele'

2018-05-30 13:21:19 - [MESSAGE][PASSED] - Text 'qqq' is set on object 'Object Repository/IR/Page_Checkout/input_customer_profile_travele'

2018-05-30 13:21:19 - [TEST_STEP][PASSED] - setText: Text 'www' is set on object 'Object Repository/IR/Page_Checkout/input_customer_profile_travele_1'

2018-05-30 13:21:19 - [MESSAGE][PASSED] - Text 'www' is set on object 'Object Repository/IR/Page_Checkout/input_customer_profile_travele_1'

2018-05-30 13:21:19 - [TEST_STEP][PASSED] - click: Object: 'Object Repository/IR/1st tst/mr' is clicked on

2018-05-30 13:21:19 - [MESSAGE][PASSED] - Object: 'Object Repository/IR/1st tst/mr' is clicked on

2018-05-30 13:21:19 - [TEST_STEP][PASSED] - selectOptionByValue: All options with value '6' are selected in object 'Object Repository/IR/Page_Checkout/select_Day12345678910111213141'  using regular expression

2018-05-30 13:21:20 - [MESSAGE][PASSED] - All options with value '6' are selected in object 'Object Repository/IR/Page_Checkout/select_Day12345678910111213141'  using regular expression

2018-05-30 13:21:20 - [TEST_STEP][PASSED] - selectOptionByValue: All options with value '5' are selected in object 'Object Repository/IR/Page_Checkout/select_MonthJanFebMarAprMayJun'  using regular expression

2018-05-30 13:21:20 - [MESSAGE][PASSED] - All options with value '5' are selected in object 'Object Repository/IR/Page_Checkout/select_MonthJanFebMarAprMayJun'  using regular expression

2018-05-30 13:21:20 - [TEST_STEP][PASSED] - selectOptionByValue: All options with value '2010' are selected in object 'Object Repository/IR/Page_Checkout/select_Year2018201720162015201'  using regular expression

2018-05-30 13:21:22 - [MESSAGE][PASSED] - All options with value '2010' are selected in object 'Object Repository/IR/Page_Checkout/select_Year2018201720162015201'  using regular expression

2018-05-30 13:21:22 - [TEST_STEP][PASSED] - setText: Text 'MF334422' is set on object 'Object Repository/IR/Page_Checkout/input_customer_profile_travele_2'

2018-05-30 13:21:22 - [MESSAGE][PASSED] - Text 'MF334422' is set on object 'Object Repository/IR/Page_Checkout/input_customer_profile_travele_2'

2018-05-30 13:21:22 - [TEST_STEP][PASSED] - click: Object: 'Object Repository/IR/Page_Checkout/input_customer_profile_travele' is clicked on

2018-05-30 13:21:23 - [MESSAGE][PASSED] - Object: 'Object Repository/IR/Page_Checkout/input_customer_profile_travele' is clicked on

2018-05-30 13:21:23 - [TEST_STEP][PASSED] - click: Object: 'Object Repository/IR/Page_Checkout/a_Continue to shipping details' is clicked on

2018-05-30 13:21:27 - [MESSAGE][PASSED] - Object: 'Object Repository/IR/Page_Checkout/a_Continue to shipping details' is clicked on

2018-05-30 13:21:27 - [TEST_STEP][PASSED] - setText: Text '345646' is set on object 'Object Repository/IR/Page_Shipping/input_customer_profile_shippin'

2018-05-30 13:21:28 - [MESSAGE][PASSED] - Text '345646' is set on object 'Object Repository/IR/Page_Shipping/input_customer_profile_shippin'

2018-05-30 13:21:28 - [TEST_STEP][PASSED] - setText: Text 'tryrty' is set on object 'Object Repository/IR/Page_Shipping/input_customer_profile_shippin_1'

2018-05-30 13:21:28 - [MESSAGE][PASSED] - Text 'tryrty' is set on object 'Object Repository/IR/Page_Shipping/input_customer_profile_shippin_1'

2018-05-30 13:21:28 - [TEST_STEP][PASSED] - setText: Text 'tyrty rtytry' is set on object 'Object Repository/IR/Page_Shipping/input_customer_profile_shippin_2'

2018-05-30 13:21:28 - [MESSAGE][PASSED] - Text 'tyrty rtytry' is set on object 'Object Repository/IR/Page_Shipping/input_customer_profile_shippin_2'

2018-05-30 13:21:28 - [TEST_STEP][PASSED] - setText: Text 'tytry rtyrty' is set on object 'Object Repository/IR/Page_Shipping/input_customer_profile_shippin_3'

2018-05-30 13:21:28 - [MESSAGE][PASSED] - Text 'tytry rtyrty' is set on object 'Object Repository/IR/Page_Shipping/input_customer_profile_shippin_3'

2018-05-30 13:21:28 - [TEST_STEP][PASSED] - setText: Text '45654654' is set on object 'Object Repository/IR/Page_Shipping/input_customer_profile_contact'

2018-05-30 13:21:29 - [MESSAGE][PASSED] - Text '45654654' is set on object 'Object Repository/IR/Page_Shipping/input_customer_profile_contact'

2018-05-30 13:21:29 - [TEST_STEP][PASSED] - setText: Text 'nhfvgfvgfv01@gmail.com' is set on object 'Object Repository/IR/Page_Shipping/input_customer_profile_contact_1'

2018-05-30 13:21:29 - [MESSAGE][PASSED] - Text 'nhfvgfvgfv01@gmail.com' is set on object 'Object Repository/IR/Page_Shipping/input_customer_profile_contact_1'

2018-05-30 13:21:29 - [TEST_STEP][PASSED] - setText: Text 'nhfvgfvgfv01@gmail.com' is set on object 'Object Repository/IR/Page_Shipping/input_customer_profile_contact_2'

2018-05-30 13:21:29 - [MESSAGE][PASSED] - Text 'nhfvgfvgfv01@gmail.com' is set on object 'Object Repository/IR/Page_Shipping/input_customer_profile_contact_2'

2018-05-30 13:21:29 - [TEST_STEP][PASSED] - click: Object: 'Object Repository/IR/Page_Shipping/a_Continue to review your orde' is clicked on

2018-05-30 13:21:36 - [MESSAGE][PASSED] - Object: 'Object Repository/IR/Page_Shipping/a_Continue to review your orde' is clicked on

2018-05-30 13:21:36 - [TEST_STEP][PASSED] - click: Object: 'Object Repository/IR/Page_Review order/input_checkout_reviewaccept' is clicked on

2018-05-30 13:21:37 - [MESSAGE][PASSED] - Object: 'Object Repository/IR/Page_Review order/input_checkout_reviewaccept' is clicked on

2018-05-30 13:21:37 - [TEST_STEP][PASSED] - click: Object: 'Object Repository/IR/Page_Review order/a_Proceed to payment details' is clicked on

2018-05-30 13:21:37 - [MESSAGE][PASSED] - Object: 'Object Repository/IR/Page_Review order/a_Proceed to payment details' is clicked on

2018-05-30 13:21:37 - [TEST_STEP][FAILED] - mouseOver: Unable to move mouse over object 'Object Repository/IR/Page_Payment details/input_brandName' (Root cause: com.kms.katalon.core.webui.exception.WebElementNotFoundException: Web element with id: 'Object Repository/IR/Page_Payment details/input_brandName' located by 'By.xpath: //input[@name = 'brandName' and @type = 'submit']' not found)

2018-05-30 13:21:56 - [MESSAGE][FAILED] - Unable to move mouse over object 'Object Repository/IR/Page_Payment details/input_brandName' (Root cause: com.kms.katalon.core.webui.exception.WebElementNotFoundException: Web element with id: 'Object Repository/IR/Page_Payment details/input_brandName' located by 'By.xpath: //input[@name = 'brandName' and @type = 'submit']' not found)
[[ATTACHMENT|C:\\Users\\work1\\Katalon Studio\\Tst\\Reports\\New Test Suite\\20180530_132021\\1527675715786.png]]]]></system-out>
         <system-err><![CDATA[2018-05-30 13:20:26 - [TEST_CASE][FAILED] - Test Cases/Checkout (Live, IR): Test Cases/Checkout (Live, IR) FAILED because (of) Unable to move mouse over object 'Object Repository/IR/Page_Payment details/input_brandName' (Root cause: com.kms.katalon.core.webui.exception.WebElementNotFoundException: Web element with id: 'Object Repository/IR/Page_Payment details/input_brandName' located by 'By.xpath: //input[@name = 'brandName' and @type = 'submit']' not found)]]></system-err>
      </testcase>
      <system-out><![CDATA[2018-05-30 13:20:25 - [TEST_SUITE][FAILED] - New Test Suite: Test Cases/Checkout (Live, IR) FAILED because (of) Unable to move mouse over object 'Object Repository/IR/Page_Payment details/input_brandName' (Root cause: com.kms.katalon.core.webui.exception.WebElementNotFoundException: Web element with id: 'Object Repository/IR/Page_Payment details/input_brandName' located by 'By.xpath: //input[@name = 'brandName' and @type = 'submit']' not found)]]></system-out>
      <system-err><![CDATA[2018-05-30 13:20:25 - [TEST_SUITE][FAILED] - New Test Suite: Test Cases/Checkout (Live, IR) FAILED because (of) Unable to move mouse over object 'Object Repository/IR/Page_Payment details/input_brandName' (Root cause: com.kms.katalon.core.webui.exception.WebElementNotFoundException: Web element with id: 'Object Repository/IR/Page_Payment details/input_brandName' located by 'By.xpath: //input[@name = 'brandName' and @type = 'submit']' not found)]]></system-err>
   </testsuite>
</testsuites>
