<?xml version="1.0" encoding="UTF-8"?>
<testsuites name="New Test Suite" time="1" tests="0" failures="1" errors="0">
   <testsuite name="New Test Suite" tests="0" failures="1" errors="0" time="1" timestamp="2018-05-29 14:46:22" hostname="work1 - 192.168.88.93" id="Test Suites/New Test Suite">
      <properties>
         <property name="deviceName" value=""/>
         <property name="devicePlatform" value=""/>
         <property name="logFolder" value="C:\\Users\\work1\\Katalon Studio\\Tst\\Reports\\New Test Suite\\20180529_144620"/>
         <property name="logFiles" value="C:\\Users\\work1\\Katalon Studio\\Tst\\Reports\\New Test Suite\\20180529_144620\\execution0.log"/>
         <property name="attachments" value=""/>
         <property name="hostName" value="work1 - 192.168.88.93"/>
         <property name="hostAddress" value="192.168.88.93"/>
         <property name="os" value="Windows 10 64bit"/>
         <property name="katalonVersion" value="5.4.1.1"/>
      </properties>
      <testcase name="Test Cases/Checkout (Live, IR)" classname="Test Cases/Checkout (Live, IR)" status="FAILED">
         <failure type="FAILED" message="Unable to open browser with url: '' (Root cause: org.openqa.selenium.SessionNotCreatedException: Unable to create new service: ChromeDriverService
Build info: version: '3.7.1', revision: '8a0099a', time: '2017-11-06T21:07:36.161Z'
System info: host: 'DESKTOP-JVS3DPV', ip: '192.168.88.93', os.name: 'Windows 10', os.arch: 'x86', os.version: '10.0', java.version: '1.8.0_144'
Driver info: driver.version: unknown
Command duration or timeout: 77 milliseconds)"/>
         <system-out><![CDATA[2018-05-29 14:46:22 - [TEST_CASE][FAILED] - Test Cases/Checkout (Live, IR): Test Cases/Checkout (Live, IR) FAILED because (of) Unable to open browser with url: '' (Root cause: org.openqa.selenium.SessionNotCreatedException: Unable to create new service: ChromeDriverService
Build info: version: '3.7.1', revision: '8a0099a', time: '2017-11-06T21:07:36.161Z'
System info: host: 'DESKTOP-JVS3DPV', ip: '192.168.88.93', os.name: 'Windows 10', os.arch: 'x86', os.version: '10.0', java.version: '1.8.0_144'
Driver info: driver.version: unknown
Command duration or timeout: 77 milliseconds)

2018-05-29 14:46:22 - [TEST_STEP][FAILED] - openBrowser: Unable to open browser with url: '' (Root cause: org.openqa.selenium.SessionNotCreatedException: Unable to create new service: ChromeDriverService
Build info: version: '3.7.1', revision: '8a0099a', time: '2017-11-06T21:07:36.161Z'
System info: host: 'DESKTOP-JVS3DPV', ip: '192.168.88.93', os.name: 'Windows 10', os.arch: 'x86', os.version: '10.0', java.version: '1.8.0_144'
Driver info: driver.version: unknown
Command duration or timeout: 77 milliseconds)

2018-05-29 14:46:23 - [MESSAGE][FAILED] - Unable to open browser with url: '' (Root cause: org.openqa.selenium.SessionNotCreatedException: Unable to create new service: ChromeDriverService
Build info: version: '3.7.1', revision: '8a0099a', time: '2017-11-06T21:07:36.161Z'
System info: host: 'DESKTOP-JVS3DPV', ip: '192.168.88.93', os.name: 'Windows 10', os.arch: 'x86', os.version: '10.0', java.version: '1.8.0_144'
Driver info: driver.version: unknown
Command duration or timeout: 77 milliseconds)]]></system-out>
         <system-err><![CDATA[2018-05-29 14:46:22 - [TEST_CASE][FAILED] - Test Cases/Checkout (Live, IR): Test Cases/Checkout (Live, IR) FAILED because (of) Unable to open browser with url: '' (Root cause: org.openqa.selenium.SessionNotCreatedException: Unable to create new service: ChromeDriverService
Build info: version: '3.7.1', revision: '8a0099a', time: '2017-11-06T21:07:36.161Z'
System info: host: 'DESKTOP-JVS3DPV', ip: '192.168.88.93', os.name: 'Windows 10', os.arch: 'x86', os.version: '10.0', java.version: '1.8.0_144'
Driver info: driver.version: unknown
Command duration or timeout: 77 milliseconds)]]></system-err>
      </testcase>
      <system-out><![CDATA[2018-05-29 14:46:22 - [TEST_SUITE][FAILED] - New Test Suite: Test Cases/Checkout (Live, IR) FAILED because (of) Unable to open browser with url: '' (Root cause: org.openqa.selenium.SessionNotCreatedException: Unable to create new service: ChromeDriverService
Build info: version: '3.7.1', revision: '8a0099a', time: '2017-11-06T21:07:36.161Z'
System info: host: 'DESKTOP-JVS3DPV', ip: '192.168.88.93', os.name: 'Windows 10', os.arch: 'x86', os.version: '10.0', java.version: '1.8.0_144'
Driver info: driver.version: unknown
Command duration or timeout: 77 milliseconds)]]></system-out>
      <system-err><![CDATA[2018-05-29 14:46:22 - [TEST_SUITE][FAILED] - New Test Suite: Test Cases/Checkout (Live, IR) FAILED because (of) Unable to open browser with url: '' (Root cause: org.openqa.selenium.SessionNotCreatedException: Unable to create new service: ChromeDriverService
Build info: version: '3.7.1', revision: '8a0099a', time: '2017-11-06T21:07:36.161Z'
System info: host: 'DESKTOP-JVS3DPV', ip: '192.168.88.93', os.name: 'Windows 10', os.arch: 'x86', os.version: '10.0', java.version: '1.8.0_144'
Driver info: driver.version: unknown
Command duration or timeout: 77 milliseconds)]]></system-err>
   </testsuite>
</testsuites>
