<?xml version="1.0" encoding="UTF-8"?>
<testsuites name="New Test Suite" time="8" tests="0" failures="1" errors="0">
   <testsuite name="New Test Suite" tests="0" failures="1" errors="0" time="8" timestamp="2018-05-29 16:23:22" hostname="work1 - 192.168.88.93" id="Test Suites/New Test Suite">
      <properties>
         <property name="deviceName" value=""/>
         <property name="devicePlatform" value=""/>
         <property name="logFolder" value="C:\\Users\\work1\\Katalon Studio\\Tst\\Reports\\New Test Suite\\20180529_162321"/>
         <property name="logFiles" value="C:\\Users\\work1\\Katalon Studio\\Tst\\Reports\\New Test Suite\\20180529_162321\\execution0.log"/>
         <property name="attachments" value=""/>
         <property name="hostName" value="work1 - 192.168.88.93"/>
         <property name="os" value="Windows 10 64bit"/>
         <property name="katalonVersion" value="5.4.1.1"/>
         <property name="browser" value="Firefox 60.0"/>
         <property name="hostAddress" value="192.168.88.93"/>
         <property name="sessionId" value="beafc8f3-9d96-4f14-bc4e-dbd1a1241d68"/>
         <property name="seleniumVersion" value="3.7.1"/>
         <property name="proxyInformation" value="ProxyInformation{proxyOption=NO_PROXY, proxyServerType=HTTP, password=, proxyServerAddress=, proxyServerPort=0}"/>
         <property name="platform" value="Windows 10"/>
      </properties>
      <testcase name="Test Cases/Checkout (Live, IR)" classname="Test Cases/Checkout (Live, IR)" status="FAILED">
         <failure type="FAILED" message="Unable to focus on object 'Object Repository/IR/1st tst/passes btn in menu' (Root cause: org.openqa.selenium.WebDriverException: Failed to decode response from marionette
Build info: version: '3.7.1', revision: '8a0099a', time: '2017-11-06T21:07:36.161Z'
System info: host: 'DESKTOP-JVS3DPV', ip: '192.168.88.93', os.name: 'Windows 10', os.arch: 'amd64', os.version: '10.0', java.version: '1.8.0_102'
Driver info: com.kms.katalon.core.webui.driver.firefox.CGeckoDriver
Capabilities {acceptInsecureCerts: true, browserName: firefox, browserVersion: 60.0.1, javascriptEnabled: true, moz:accessibilityChecks: false, moz:headless: false, moz:processID: 6180, moz:profile: C:\Users\work1\AppData\Loca..., moz:useNonSpecCompliantPointerOrigin: false, moz:webdriverClick: true, pageLoadStrategy: normal, platform: XP, platformName: XP, platformVersion: 10.0, proxy: Proxy(direct), rotatable: false, timeouts: {implicit: 0, pageLoad: 300000, script: 30000}}
Session ID: beafc8f3-9d96-4f14-bc4e-dbd1a1241d68
*** Element info: {Using=xpath, value=/html/body/div[2]/header/nav[2]/div/ul/li[3]/a})"/>
         <system-out><![CDATA[2018-05-29 16:23:22 - [TEST_CASE][FAILED] - Test Cases/Checkout (Live, IR): Test Cases/Checkout (Live, IR) FAILED because (of) Unable to focus on object 'Object Repository/IR/1st tst/passes btn in menu' (Root cause: org.openqa.selenium.WebDriverException: Failed to decode response from marionette
Build info: version: '3.7.1', revision: '8a0099a', time: '2017-11-06T21:07:36.161Z'
System info: host: 'DESKTOP-JVS3DPV', ip: '192.168.88.93', os.name: 'Windows 10', os.arch: 'amd64', os.version: '10.0', java.version: '1.8.0_102'
Driver info: com.kms.katalon.core.webui.driver.firefox.CGeckoDriver
Capabilities {acceptInsecureCerts: true, browserName: firefox, browserVersion: 60.0.1, javascriptEnabled: true, moz:accessibilityChecks: false, moz:headless: false, moz:processID: 6180, moz:profile: C:\Users\work1\AppData\Loca..., moz:useNonSpecCompliantPointerOrigin: false, moz:webdriverClick: true, pageLoadStrategy: normal, platform: XP, platformName: XP, platformVersion: 10.0, proxy: Proxy(direct), rotatable: false, timeouts: {implicit: 0, pageLoad: 300000, script: 30000}}
Session ID: beafc8f3-9d96-4f14-bc4e-dbd1a1241d68
*** Element info: {Using=xpath, value=/html/body/div[2]/header/nav[2]/div/ul/li[3]/a})

2018-05-29 16:23:23 - [TEST_STEP][PASSED] - openBrowser: Browser is opened with url: ''

2018-05-29 16:23:28 - [MESSAGE][PASSED] - Browser is opened with url: ''

2018-05-29 16:23:28 - [TEST_STEP][PASSED] - deleteAllCookies: Delete all cookies successfully

2018-05-29 16:23:28 - [MESSAGE][PASSED] - Delete all cookies successfully

2018-05-29 16:23:28 - [TEST_STEP][PASSED] - navigateToUrl: Navigate to 'https://www.interrail.eu/' successfully

2018-05-29 16:23:29 - [MESSAGE][PASSED] - Navigate to 'https://www.interrail.eu/' successfully

2018-05-29 16:23:29 - [TEST_STEP][PASSED] - maximizeWindow: Current window maximized

2018-05-29 16:23:29 - [MESSAGE][PASSED] - Current window maximized

2018-05-29 16:23:29 - [TEST_STEP][PASSED] - click: Object: 'Object Repository/IR/1st tst/i agree' is clicked on

2018-05-29 16:23:30 - [MESSAGE][PASSED] - Object: 'Object Repository/IR/1st tst/i agree' is clicked on

2018-05-29 16:23:30 - [TEST_STEP][PASSED] - click: Object: 'Object Repository/IR/1st tst/Cont' is clicked on

2018-05-29 16:23:30 - [MESSAGE][PASSED] - Object: 'Object Repository/IR/1st tst/Cont' is clicked on

2018-05-29 16:23:30 - [TEST_STEP][FAILED] - focus: Unable to focus on object 'Object Repository/IR/1st tst/passes btn in menu' (Root cause: org.openqa.selenium.WebDriverException: Failed to decode response from marionette
Build info: version: '3.7.1', revision: '8a0099a', time: '2017-11-06T21:07:36.161Z'
System info: host: 'DESKTOP-JVS3DPV', ip: '192.168.88.93', os.name: 'Windows 10', os.arch: 'amd64', os.version: '10.0', java.version: '1.8.0_102'
Driver info: com.kms.katalon.core.webui.driver.firefox.CGeckoDriver
Capabilities {acceptInsecureCerts: true, browserName: firefox, browserVersion: 60.0.1, javascriptEnabled: true, moz:accessibilityChecks: false, moz:headless: false, moz:processID: 6180, moz:profile: C:\Users\work1\AppData\Loca..., moz:useNonSpecCompliantPointerOrigin: false, moz:webdriverClick: true, pageLoadStrategy: normal, platform: XP, platformName: XP, platformVersion: 10.0, proxy: Proxy(direct), rotatable: false, timeouts: {implicit: 0, pageLoad: 300000, script: 30000}}
Session ID: beafc8f3-9d96-4f14-bc4e-dbd1a1241d68
*** Element info: {Using=xpath, value=/html/body/div[2]/header/nav[2]/div/ul/li[3]/a})

2018-05-29 16:23:30 - [MESSAGE][WARNING] - Cannot take screenshot

2018-05-29 16:23:30 - [MESSAGE][FAILED] - Unable to focus on object 'Object Repository/IR/1st tst/passes btn in menu' (Root cause: org.openqa.selenium.WebDriverException: Failed to decode response from marionette
Build info: version: '3.7.1', revision: '8a0099a', time: '2017-11-06T21:07:36.161Z'
System info: host: 'DESKTOP-JVS3DPV', ip: '192.168.88.93', os.name: 'Windows 10', os.arch: 'amd64', os.version: '10.0', java.version: '1.8.0_102'
Driver info: com.kms.katalon.core.webui.driver.firefox.CGeckoDriver
Capabilities {acceptInsecureCerts: true, browserName: firefox, browserVersion: 60.0.1, javascriptEnabled: true, moz:accessibilityChecks: false, moz:headless: false, moz:processID: 6180, moz:profile: C:\Users\work1\AppData\Loca..., moz:useNonSpecCompliantPointerOrigin: false, moz:webdriverClick: true, pageLoadStrategy: normal, platform: XP, platformName: XP, platformVersion: 10.0, proxy: Proxy(direct), rotatable: false, timeouts: {implicit: 0, pageLoad: 300000, script: 30000}}
Session ID: beafc8f3-9d96-4f14-bc4e-dbd1a1241d68
*** Element info: {Using=xpath, value=/html/body/div[2]/header/nav[2]/div/ul/li[3]/a})]]></system-out>
         <system-err><![CDATA[2018-05-29 16:23:22 - [TEST_CASE][FAILED] - Test Cases/Checkout (Live, IR): Test Cases/Checkout (Live, IR) FAILED because (of) Unable to focus on object 'Object Repository/IR/1st tst/passes btn in menu' (Root cause: org.openqa.selenium.WebDriverException: Failed to decode response from marionette
Build info: version: '3.7.1', revision: '8a0099a', time: '2017-11-06T21:07:36.161Z'
System info: host: 'DESKTOP-JVS3DPV', ip: '192.168.88.93', os.name: 'Windows 10', os.arch: 'amd64', os.version: '10.0', java.version: '1.8.0_102'
Driver info: com.kms.katalon.core.webui.driver.firefox.CGeckoDriver
Capabilities {acceptInsecureCerts: true, browserName: firefox, browserVersion: 60.0.1, javascriptEnabled: true, moz:accessibilityChecks: false, moz:headless: false, moz:processID: 6180, moz:profile: C:\Users\work1\AppData\Loca..., moz:useNonSpecCompliantPointerOrigin: false, moz:webdriverClick: true, pageLoadStrategy: normal, platform: XP, platformName: XP, platformVersion: 10.0, proxy: Proxy(direct), rotatable: false, timeouts: {implicit: 0, pageLoad: 300000, script: 30000}}
Session ID: beafc8f3-9d96-4f14-bc4e-dbd1a1241d68
*** Element info: {Using=xpath, value=/html/body/div[2]/header/nav[2]/div/ul/li[3]/a})]]></system-err>
      </testcase>
      <system-out><![CDATA[2018-05-29 16:23:22 - [TEST_SUITE][INCOMPLETE] - New Test Suite: null]]></system-out>
      <system-err><![CDATA[2018-05-29 16:23:22 - [TEST_SUITE][INCOMPLETE] - New Test Suite: null]]></system-err>
   </testsuite>
</testsuites>
