<?xml version="1.0" encoding="UTF-8"?>
<testsuites name="New Test Suite" time="601" tests="0" failures="1" errors="0">
   <testsuite name="New Test Suite" tests="0" failures="1" errors="0" time="601" timestamp="2018-05-30 14:16:41" hostname="DESKTOP-JVS3DPV$ - 192.168.88.93" id="Test Suites/New Test Suite">
      <properties>
         <property name="deviceName" value=""/>
         <property name="devicePlatform" value=""/>
         <property name="logFolder" value="C:\\Users\\work1\\Katalon Studio\\Tst\\Reports\\New Test Suite\\20180530_141640"/>
         <property name="logFiles" value="C:\\Users\\work1\\Katalon Studio\\Tst\\Reports\\New Test Suite\\20180530_141640\\execution0.log"/>
         <property name="attachments" value=""/>
         <property name="hostName" value="DESKTOP-JVS3DPV$ - 192.168.88.93"/>
         <property name="hostAddress" value="192.168.88.93"/>
         <property name="os" value="Windows 10 64bit"/>
         <property name="katalonVersion" value="5.4.1.1"/>
      </properties>
      <testcase name="Test Cases/Checkout (Live, IR)" classname="Test Cases/Checkout (Live, IR)" status="FAILED">
         <failure type="FAILED" message="Unable to open browser with url: '' (Root cause: org.openqa.selenium.WebDriverException: Error forwarding the new session new session request for webdriver should contain a location header or an 'application/json;charset=UTF-8' response body with the session ID.
Command duration or timeout: 600.14 seconds
Build info: version: '3.7.1', revision: '8a0099a', time: '2017-11-06T21:07:36.161Z'
System info: host: 'DESKTOP-JVS3DPV', ip: '192.168.88.93', os.name: 'Windows 10', os.arch: 'amd64', os.version: '10.0', java.version: '1.8.0_102'
Driver info: driver.version: CRemoteWebDriver)"/>
         <system-out><![CDATA[2018-05-30 14:16:42 - [TEST_CASE][FAILED] - Test Cases/Checkout (Live, IR): Test Cases/Checkout (Live, IR) FAILED because (of) Unable to open browser with url: '' (Root cause: org.openqa.selenium.WebDriverException: Error forwarding the new session new session request for webdriver should contain a location header or an 'application/json;charset=UTF-8' response body with the session ID.
Command duration or timeout: 600.14 seconds
Build info: version: '3.7.1', revision: '8a0099a', time: '2017-11-06T21:07:36.161Z'
System info: host: 'DESKTOP-JVS3DPV', ip: '192.168.88.93', os.name: 'Windows 10', os.arch: 'amd64', os.version: '10.0', java.version: '1.8.0_102'
Driver info: driver.version: CRemoteWebDriver)

2018-05-30 14:16:42 - [TEST_STEP][FAILED] - openBrowser: Unable to open browser with url: '' (Root cause: org.openqa.selenium.WebDriverException: Error forwarding the new session new session request for webdriver should contain a location header or an 'application/json;charset=UTF-8' response body with the session ID.
Command duration or timeout: 600.14 seconds
Build info: version: '3.7.1', revision: '8a0099a', time: '2017-11-06T21:07:36.161Z'
System info: host: 'DESKTOP-JVS3DPV', ip: '192.168.88.93', os.name: 'Windows 10', os.arch: 'amd64', os.version: '10.0', java.version: '1.8.0_102'
Driver info: driver.version: CRemoteWebDriver)

2018-05-30 14:26:43 - [MESSAGE][FAILED] - Unable to open browser with url: '' (Root cause: org.openqa.selenium.WebDriverException: Error forwarding the new session new session request for webdriver should contain a location header or an 'application/json;charset=UTF-8' response body with the session ID.
Command duration or timeout: 600.14 seconds
Build info: version: '3.7.1', revision: '8a0099a', time: '2017-11-06T21:07:36.161Z'
System info: host: 'DESKTOP-JVS3DPV', ip: '192.168.88.93', os.name: 'Windows 10', os.arch: 'amd64', os.version: '10.0', java.version: '1.8.0_102'
Driver info: driver.version: CRemoteWebDriver)]]></system-out>
         <system-err><![CDATA[2018-05-30 14:16:42 - [TEST_CASE][FAILED] - Test Cases/Checkout (Live, IR): Test Cases/Checkout (Live, IR) FAILED because (of) Unable to open browser with url: '' (Root cause: org.openqa.selenium.WebDriverException: Error forwarding the new session new session request for webdriver should contain a location header or an 'application/json;charset=UTF-8' response body with the session ID.
Command duration or timeout: 600.14 seconds
Build info: version: '3.7.1', revision: '8a0099a', time: '2017-11-06T21:07:36.161Z'
System info: host: 'DESKTOP-JVS3DPV', ip: '192.168.88.93', os.name: 'Windows 10', os.arch: 'amd64', os.version: '10.0', java.version: '1.8.0_102'
Driver info: driver.version: CRemoteWebDriver)]]></system-err>
      </testcase>
      <system-out><![CDATA[2018-05-30 14:16:41 - [TEST_SUITE][FAILED] - New Test Suite: Test Cases/Checkout (Live, IR) FAILED because (of) Unable to open browser with url: '' (Root cause: org.openqa.selenium.WebDriverException: Error forwarding the new session new session request for webdriver should contain a location header or an 'application/json;charset=UTF-8' response body with the session ID.
Command duration or timeout: 600.14 seconds
Build info: version: '3.7.1', revision: '8a0099a', time: '2017-11-06T21:07:36.161Z'
System info: host: 'DESKTOP-JVS3DPV', ip: '192.168.88.93', os.name: 'Windows 10', os.arch: 'amd64', os.version: '10.0', java.version: '1.8.0_102'
Driver info: driver.version: CRemoteWebDriver)]]></system-out>
      <system-err><![CDATA[2018-05-30 14:16:41 - [TEST_SUITE][FAILED] - New Test Suite: Test Cases/Checkout (Live, IR) FAILED because (of) Unable to open browser with url: '' (Root cause: org.openqa.selenium.WebDriverException: Error forwarding the new session new session request for webdriver should contain a location header or an 'application/json;charset=UTF-8' response body with the session ID.
Command duration or timeout: 600.14 seconds
Build info: version: '3.7.1', revision: '8a0099a', time: '2017-11-06T21:07:36.161Z'
System info: host: 'DESKTOP-JVS3DPV', ip: '192.168.88.93', os.name: 'Windows 10', os.arch: 'amd64', os.version: '10.0', java.version: '1.8.0_102'
Driver info: driver.version: CRemoteWebDriver)]]></system-err>
   </testsuite>
</testsuites>
