<?xml version="1.0" encoding="UTF-8"?>
<testsuites name="New Test Suite" time="58" tests="0" failures="1" errors="0">
   <testsuite name="New Test Suite" tests="0" failures="1" errors="0" time="58" timestamp="2018-05-30 13:09:17" hostname="work1 - 192.168.88.93" id="Test Suites/New Test Suite">
      <properties>
         <property name="deviceName" value=""/>
         <property name="devicePlatform" value=""/>
         <property name="logFolder" value="C:\\Users\\work1\\Katalon Studio\\Tst\\Reports\\New Test Suite\\20180530_130915"/>
         <property name="logFiles" value="C:\\Users\\work1\\Katalon Studio\\Tst\\Reports\\New Test Suite\\20180530_130915\\execution0.log"/>
         <property name="attachments" value="C:\\Users\\work1\\Katalon Studio\\Tst\\Reports\\New Test Suite\\20180530_130915\\1527675015591.png"/>
         <property name="hostName" value="work1 - 192.168.88.93"/>
         <property name="os" value="Windows 10 64bit"/>
         <property name="katalonVersion" value="5.4.1.1"/>
         <property name="browser" value="Firefox 60.0"/>
         <property name="hostAddress" value="192.168.88.93"/>
         <property name="sessionId" value="81e707fe-5d64-45f5-9cd4-989325ee3ae3"/>
         <property name="seleniumVersion" value="3.7.1"/>
         <property name="proxyInformation" value="ProxyInformation{proxyOption=NO_PROXY, proxyServerType=HTTP, password=, proxyServerAddress=, proxyServerPort=0}"/>
         <property name="platform" value="Windows 10"/>
      </properties>
      <testcase name="Test Cases/Checkout (Live, IR)" classname="Test Cases/Checkout (Live, IR)" status="FAILED">
         <failure type="FAILED" message="Unable to click on object 'Object Repository/IR/1st tst/Guest proceed' (Root cause: org.openqa.selenium.ElementNotInteractableException: Element &lt;a class=&quot;gigya-composite-control gigya-composite-control-link eurailcom-gigya-link-big hideGeustLink&quot; href=&quot;javascript:void(0)&quot;> could not be scrolled into view
Build info: version: '3.7.1', revision: '8a0099a', time: '2017-11-06T21:07:36.161Z'
System info: host: 'DESKTOP-JVS3DPV', ip: '192.168.88.93', os.name: 'Windows 10', os.arch: 'amd64', os.version: '10.0', java.version: '1.8.0_102'
Driver info: com.kms.katalon.core.webui.driver.firefox.CGeckoDriver
Capabilities {acceptInsecureCerts: true, browserName: firefox, browserVersion: 60.0.1, javascriptEnabled: true, moz:accessibilityChecks: false, moz:headless: false, moz:processID: 4776, moz:profile: C:\Users\work1\AppData\Loca..., moz:useNonSpecCompliantPointerOrigin: false, moz:webdriverClick: true, pageLoadStrategy: normal, platform: XP, platformName: XP, platformVersion: 10.0, proxy: Proxy(direct), rotatable: false, timeouts: {implicit: 0, pageLoad: 300000, script: 30000}}
Session ID: 81e707fe-5d64-45f5-9cd4-989325ee3ae3)"/>
         <system-out><![CDATA[2018-05-30 13:09:18 - [TEST_CASE][FAILED] - Test Cases/Checkout (Live, IR): Test Cases/Checkout (Live, IR) FAILED because (of) Unable to click on object 'Object Repository/IR/1st tst/Guest proceed' (Root cause: org.openqa.selenium.ElementNotInteractableException: Element <a class="gigya-composite-control gigya-composite-control-link eurailcom-gigya-link-big hideGeustLink" href="javascript:void(0)"> could not be scrolled into view
Build info: version: '3.7.1', revision: '8a0099a', time: '2017-11-06T21:07:36.161Z'
System info: host: 'DESKTOP-JVS3DPV', ip: '192.168.88.93', os.name: 'Windows 10', os.arch: 'amd64', os.version: '10.0', java.version: '1.8.0_102'
Driver info: com.kms.katalon.core.webui.driver.firefox.CGeckoDriver
Capabilities {acceptInsecureCerts: true, browserName: firefox, browserVersion: 60.0.1, javascriptEnabled: true, moz:accessibilityChecks: false, moz:headless: false, moz:processID: 4776, moz:profile: C:\Users\work1\AppData\Loca..., moz:useNonSpecCompliantPointerOrigin: false, moz:webdriverClick: true, pageLoadStrategy: normal, platform: XP, platformName: XP, platformVersion: 10.0, proxy: Proxy(direct), rotatable: false, timeouts: {implicit: 0, pageLoad: 300000, script: 30000}}
Session ID: 81e707fe-5d64-45f5-9cd4-989325ee3ae3)

2018-05-30 13:09:19 - [TEST_STEP][PASSED] - openBrowser: Browser is opened with url: ''

2018-05-30 13:09:24 - [MESSAGE][PASSED] - Browser is opened with url: ''

2018-05-30 13:09:24 - [TEST_STEP][PASSED] - deleteAllCookies: Delete all cookies successfully

2018-05-30 13:09:24 - [MESSAGE][PASSED] - Delete all cookies successfully

2018-05-30 13:09:24 - [TEST_STEP][PASSED] - navigateToUrl: Navigate to 'https://www.interrail.eu/' successfully

2018-05-30 13:09:26 - [MESSAGE][PASSED] - Navigate to 'https://www.interrail.eu/' successfully

2018-05-30 13:09:26 - [TEST_STEP][PASSED] - maximizeWindow: Current window maximized

2018-05-30 13:09:26 - [MESSAGE][PASSED] - Current window maximized

2018-05-30 13:09:26 - [TEST_STEP][PASSED] - click: Object: 'Object Repository/IR/1st tst/i agree' is clicked on

2018-05-30 13:09:26 - [MESSAGE][PASSED] - Object: 'Object Repository/IR/1st tst/i agree' is clicked on

2018-05-30 13:09:26 - [TEST_STEP][PASSED] - click: Object: 'Object Repository/IR/1st tst/Cont' is clicked on

2018-05-30 13:09:32 - [MESSAGE][PASSED] - Object: 'Object Repository/IR/1st tst/Cont' is clicked on

2018-05-30 13:09:32 - [TEST_STEP][PASSED] - focus: Object: 'Object Repository/IR/1st tst/passes btn in menu' is focused

2018-05-30 13:09:32 - [MESSAGE][PASSED] - Object: 'Object Repository/IR/1st tst/passes btn in menu' is focused

2018-05-30 13:09:32 - [TEST_STEP][PASSED] - waitForElementVisible: Object 'Object Repository/IR/1st tst/Glbl pass btn in submenu' is visible

2018-05-30 13:09:32 - [MESSAGE][WARNING] - Timeout '0' is invalid. Using default page load timeout: '15'

2018-05-30 13:09:33 - [MESSAGE][PASSED] - Object 'Object Repository/IR/1st tst/Glbl pass btn in submenu' is visible

2018-05-30 13:09:33 - [TEST_STEP][PASSED] - click: Object: 'Object Repository/IR/1st tst/Glbl pass btn in submenu' is clicked on

2018-05-30 13:09:34 - [MESSAGE][PASSED] - Object: 'Object Repository/IR/1st tst/Glbl pass btn in submenu' is clicked on

2018-05-30 13:09:34 - [TEST_STEP][PASSED] - click: Object: 'Object Repository/IR/1st tst/add to cart' is clicked on

2018-05-30 13:09:35 - [MESSAGE][PASSED] - Object: 'Object Repository/IR/1st tst/add to cart' is clicked on

2018-05-30 13:09:35 - [TEST_STEP][PASSED] - waitForElementVisible: Object 'Object Repository/IR/1st tst/go to checkout' is visible

2018-05-30 13:09:35 - [MESSAGE][WARNING] - Timeout '0' is invalid. Using default page load timeout: '15'

2018-05-30 13:09:37 - [MESSAGE][PASSED] - Object 'Object Repository/IR/1st tst/go to checkout' is visible

2018-05-30 13:09:37 - [TEST_STEP][PASSED] - focus: Object: 'Object Repository/IR/1st tst/go to checkout' is focused

2018-05-30 13:09:37 - [MESSAGE][PASSED] - Object: 'Object Repository/IR/1st tst/go to checkout' is focused

2018-05-30 13:09:37 - [TEST_STEP][PASSED] - click: Object: 'Object Repository/IR/1st tst/go to checkout' is clicked on

2018-05-30 13:09:39 - [MESSAGE][PASSED] - Object: 'Object Repository/IR/1st tst/go to checkout' is clicked on

2018-05-30 13:09:39 - [TEST_STEP][PASSED] - waitForPageLoad: Wait for page load successfully

2018-05-30 13:09:39 - [MESSAGE][WARNING] - Timeout '0' is invalid. Using default page load timeout: '15'

2018-05-30 13:09:39 - [MESSAGE][PASSED] - Wait for page load successfully

2018-05-30 13:09:39 - [TEST_STEP][PASSED] - click: Object: 'Object Repository/IR/1st tst/pass prot' is clicked on

2018-05-30 13:09:40 - [MESSAGE][PASSED] - Object: 'Object Repository/IR/1st tst/pass prot' is clicked on

2018-05-30 13:09:40 - [TEST_STEP][PASSED] - scrollToElement: Scroll to object 'Object Repository/IR/1st tst/sipping count drop down' successfully

2018-05-30 13:09:40 - [MESSAGE][WARNING] - Timeout '0' is invalid. Using default page load timeout: '15'

2018-05-30 13:09:41 - [MESSAGE][PASSED] - Scroll to object 'Object Repository/IR/1st tst/sipping count drop down' successfully

2018-05-30 13:09:41 - [TEST_STEP][PASSED] - delay: Delayed 1 second(s)

2018-05-30 13:09:42 - [MESSAGE][PASSED] - Delayed 1 second(s)

2018-05-30 13:09:42 - [TEST_STEP][PASSED] - click: Object: 'Object Repository/IR/1st tst/Croatha' is clicked on

2018-05-30 13:09:42 - [MESSAGE][PASSED] - Object: 'Object Repository/IR/1st tst/Croatha' is clicked on

2018-05-30 13:09:42 - [TEST_STEP][PASSED] - delay: Delayed 3 second(s)

2018-05-30 13:09:45 - [MESSAGE][PASSED] - Delayed 3 second(s)

2018-05-30 13:09:45 - [TEST_STEP][PASSED] - click: Object: 'Object Repository/IR/1st tst/Proceed' is clicked on

2018-05-30 13:09:49 - [MESSAGE][PASSED] - Object: 'Object Repository/IR/1st tst/Proceed' is clicked on

2018-05-30 13:09:49 - [TEST_STEP][PASSED] - refresh: Refresh successfully

2018-05-30 13:09:53 - [MESSAGE][PASSED] - Refresh successfully

2018-05-30 13:09:53 - [TEST_STEP][PASSED] - delay: Delayed 2 second(s)

2018-05-30 13:09:55 - [MESSAGE][PASSED] - Delayed 2 second(s)

2018-05-30 13:09:55 - [TEST_STEP][PASSED] - refresh: Refresh successfully

2018-05-30 13:10:00 - [MESSAGE][PASSED] - Refresh successfully

2018-05-30 13:10:00 - [TEST_STEP][PASSED] - waitForElementVisible: Object 'Object Repository/IR/1st tst/Guest proceed' is not visible after 15 second(s)

2018-05-30 13:10:00 - [MESSAGE][WARNING] - Timeout '0' is invalid. Using default page load timeout: '15'

2018-05-30 13:10:15 - [MESSAGE][WARNING] - Object 'Object Repository/IR/1st tst/Guest proceed' is not visible after 15 second(s)

2018-05-30 13:10:15 - [TEST_STEP][FAILED] - click: Unable to click on object 'Object Repository/IR/1st tst/Guest proceed' (Root cause: org.openqa.selenium.ElementNotInteractableException: Element <a class="gigya-composite-control gigya-composite-control-link eurailcom-gigya-link-big hideGeustLink" href="javascript:void(0)"> could not be scrolled into view
Build info: version: '3.7.1', revision: '8a0099a', time: '2017-11-06T21:07:36.161Z'
System info: host: 'DESKTOP-JVS3DPV', ip: '192.168.88.93', os.name: 'Windows 10', os.arch: 'amd64', os.version: '10.0', java.version: '1.8.0_102'
Driver info: com.kms.katalon.core.webui.driver.firefox.CGeckoDriver
Capabilities {acceptInsecureCerts: true, browserName: firefox, browserVersion: 60.0.1, javascriptEnabled: true, moz:accessibilityChecks: false, moz:headless: false, moz:processID: 4776, moz:profile: C:\Users\work1\AppData\Loca..., moz:useNonSpecCompliantPointerOrigin: false, moz:webdriverClick: true, pageLoadStrategy: normal, platform: XP, platformName: XP, platformVersion: 10.0, proxy: Proxy(direct), rotatable: false, timeouts: {implicit: 0, pageLoad: 300000, script: 30000}}
Session ID: 81e707fe-5d64-45f5-9cd4-989325ee3ae3)

2018-05-30 13:10:15 - [MESSAGE][FAILED] - Unable to click on object 'Object Repository/IR/1st tst/Guest proceed' (Root cause: org.openqa.selenium.ElementNotInteractableException: Element <a class="gigya-composite-control gigya-composite-control-link eurailcom-gigya-link-big hideGeustLink" href="javascript:void(0)"> could not be scrolled into view
Build info: version: '3.7.1', revision: '8a0099a', time: '2017-11-06T21:07:36.161Z'
System info: host: 'DESKTOP-JVS3DPV', ip: '192.168.88.93', os.name: 'Windows 10', os.arch: 'amd64', os.version: '10.0', java.version: '1.8.0_102'
Driver info: com.kms.katalon.core.webui.driver.firefox.CGeckoDriver
Capabilities {acceptInsecureCerts: true, browserName: firefox, browserVersion: 60.0.1, javascriptEnabled: true, moz:accessibilityChecks: false, moz:headless: false, moz:processID: 4776, moz:profile: C:\Users\work1\AppData\Loca..., moz:useNonSpecCompliantPointerOrigin: false, moz:webdriverClick: true, pageLoadStrategy: normal, platform: XP, platformName: XP, platformVersion: 10.0, proxy: Proxy(direct), rotatable: false, timeouts: {implicit: 0, pageLoad: 300000, script: 30000}}
Session ID: 81e707fe-5d64-45f5-9cd4-989325ee3ae3)
[[ATTACHMENT|C:\\Users\\work1\\Katalon Studio\\Tst\\Reports\\New Test Suite\\20180530_130915\\1527675015591.png]]]]></system-out>
         <system-err><![CDATA[2018-05-30 13:09:18 - [TEST_CASE][FAILED] - Test Cases/Checkout (Live, IR): Test Cases/Checkout (Live, IR) FAILED because (of) Unable to click on object 'Object Repository/IR/1st tst/Guest proceed' (Root cause: org.openqa.selenium.ElementNotInteractableException: Element <a class="gigya-composite-control gigya-composite-control-link eurailcom-gigya-link-big hideGeustLink" href="javascript:void(0)"> could not be scrolled into view
Build info: version: '3.7.1', revision: '8a0099a', time: '2017-11-06T21:07:36.161Z'
System info: host: 'DESKTOP-JVS3DPV', ip: '192.168.88.93', os.name: 'Windows 10', os.arch: 'amd64', os.version: '10.0', java.version: '1.8.0_102'
Driver info: com.kms.katalon.core.webui.driver.firefox.CGeckoDriver
Capabilities {acceptInsecureCerts: true, browserName: firefox, browserVersion: 60.0.1, javascriptEnabled: true, moz:accessibilityChecks: false, moz:headless: false, moz:processID: 4776, moz:profile: C:\Users\work1\AppData\Loca..., moz:useNonSpecCompliantPointerOrigin: false, moz:webdriverClick: true, pageLoadStrategy: normal, platform: XP, platformName: XP, platformVersion: 10.0, proxy: Proxy(direct), rotatable: false, timeouts: {implicit: 0, pageLoad: 300000, script: 30000}}
Session ID: 81e707fe-5d64-45f5-9cd4-989325ee3ae3)]]></system-err>
      </testcase>
      <system-out><![CDATA[2018-05-30 13:09:17 - [TEST_SUITE][FAILED] - New Test Suite: Test Cases/Checkout (Live, IR) FAILED because (of) Unable to click on object 'Object Repository/IR/1st tst/Guest proceed' (Root cause: org.openqa.selenium.ElementNotInteractableException: Element <a class="gigya-composite-control gigya-composite-control-link eurailcom-gigya-link-big hideGeustLink" href="javascript:void(0)"> could not be scrolled into view
Build info: version: '3.7.1', revision: '8a0099a', time: '2017-11-06T21:07:36.161Z'
System info: host: 'DESKTOP-JVS3DPV', ip: '192.168.88.93', os.name: 'Windows 10', os.arch: 'amd64', os.version: '10.0', java.version: '1.8.0_102'
Driver info: com.kms.katalon.core.webui.driver.firefox.CGeckoDriver
Capabilities {acceptInsecureCerts: true, browserName: firefox, browserVersion: 60.0.1, javascriptEnabled: true, moz:accessibilityChecks: false, moz:headless: false, moz:processID: 4776, moz:profile: C:\Users\work1\AppData\Loca..., moz:useNonSpecCompliantPointerOrigin: false, moz:webdriverClick: true, pageLoadStrategy: normal, platform: XP, platformName: XP, platformVersion: 10.0, proxy: Proxy(direct), rotatable: false, timeouts: {implicit: 0, pageLoad: 300000, script: 30000}}
Session ID: 81e707fe-5d64-45f5-9cd4-989325ee3ae3)]]></system-out>
      <system-err><![CDATA[2018-05-30 13:09:17 - [TEST_SUITE][FAILED] - New Test Suite: Test Cases/Checkout (Live, IR) FAILED because (of) Unable to click on object 'Object Repository/IR/1st tst/Guest proceed' (Root cause: org.openqa.selenium.ElementNotInteractableException: Element <a class="gigya-composite-control gigya-composite-control-link eurailcom-gigya-link-big hideGeustLink" href="javascript:void(0)"> could not be scrolled into view
Build info: version: '3.7.1', revision: '8a0099a', time: '2017-11-06T21:07:36.161Z'
System info: host: 'DESKTOP-JVS3DPV', ip: '192.168.88.93', os.name: 'Windows 10', os.arch: 'amd64', os.version: '10.0', java.version: '1.8.0_102'
Driver info: com.kms.katalon.core.webui.driver.firefox.CGeckoDriver
Capabilities {acceptInsecureCerts: true, browserName: firefox, browserVersion: 60.0.1, javascriptEnabled: true, moz:accessibilityChecks: false, moz:headless: false, moz:processID: 4776, moz:profile: C:\Users\work1\AppData\Loca..., moz:useNonSpecCompliantPointerOrigin: false, moz:webdriverClick: true, pageLoadStrategy: normal, platform: XP, platformName: XP, platformVersion: 10.0, proxy: Proxy(direct), rotatable: false, timeouts: {implicit: 0, pageLoad: 300000, script: 30000}}
Session ID: 81e707fe-5d64-45f5-9cd4-989325ee3ae3)]]></system-err>
   </testsuite>
</testsuites>
